<?xml version="1.0" encoding="UTF-8"?>
<!-- Generated by org.testng.reporters.JUnitReportReporter -->
<testsuite skipped="0" hostname="Mohits-MacBook-Pro.local" name="automationTestNG.TC_login" tests="1" failures="0" timestamp="29 May 2020 22:36:21 GMT" time="0.001" errors="0">
  <testcase name="Login_01" time="0.001" classname="automationTestNG.TC_login"/>
</testsuite> <!-- automationTestNG.TC_login -->
