<?xml version="1.0" encoding="UTF-8"?>
<!-- Generated by org.testng.reporters.JUnitReportReporter -->
<testsuite skipped="0" hostname="Mohits-MacBook-Pro.local" name="automationTestNG.TC_login_Group" tests="2" failures="0" timestamp="10 Jun 2020 22:37:03 GMT" time="0.005" errors="0">
  <testcase name="TC_Login_02" time="0.003" classname="automationTestNG.TC_login_Group"/>
  <testcase name="TC_Login_03" time="0.002" classname="automationTestNG.TC_login_Group"/>
</testsuite> <!-- automationTestNG.TC_login_Group -->
