<?xml version="1.0" encoding="UTF-8"?>
<!-- Generated by org.testng.reporters.JUnitReportReporter -->
<testsuite skipped="0" hostname="Mohits-MacBook-Pro.local" name="automationTestNG.TC_Home" tests="2" failures="0" timestamp="29 May 2020 22:36:21 GMT" time="0.011" errors="0">
  <testcase name="TC_Home_02" time="0.001" classname="automationTestNG.TC_Home"/>
  <testcase name="TC_Home_01" time="0.010" classname="automationTestNG.TC_Home"/>
</testsuite> <!-- automationTestNG.TC_Home -->
