<?xml version="1.0" encoding="UTF-8"?>
<!-- Generated by org.testng.reporters.JUnitReportReporter -->
<testsuite skipped="0" hostname="Mohits-MacBook-Pro.local" name="automationTestNG.DataProvider_Demo" tests="4" failures="0" timestamp="03 Jun 2020 22:52:59 GMT" time="43.299" errors="0">
  <testcase name="validatingTrainerInfo" time="10.039" classname="automationTestNG.DataProvider_Demo"/>
  <testcase name="validatingTrainerInfo" time="10.083" classname="automationTestNG.DataProvider_Demo"/>
  <testcase name="login" time="11.820" classname="automationTestNG.DataProvider_Demo"/>
  <testcase name="login" time="11.357" classname="automationTestNG.DataProvider_Demo"/>
</testsuite> <!-- automationTestNG.DataProvider_Demo -->
