<?xml version="1.0" encoding="UTF-8"?>
<!-- Generated by org.testng.reporters.JUnitReportReporter -->
<testsuite skipped="0" hostname="Mohits-MacBook-Pro.local" name="automationTestNG.TC_Home_Group" tests="1" failures="0" timestamp="10 Jun 2020 22:37:35 GMT" time="0.004" errors="0">
  <testcase name="TC_Home_01" time="0.004" classname="automationTestNG.TC_Home_Group"/>
</testsuite> <!-- automationTestNG.TC_Home_Group -->
